TN:
SF:dist\use-cases\submit-feedback-usecase.js
FN:9,execute
FN:5,SubmitFeedback
FNF:2
FNH:2
FNDA:4,execute
FNDA:1,SubmitFeedback
DA:1,1
DA:2,1
DA:3,1
DA:4,1
DA:5,1
DA:6,1
DA:7,1
DA:8,1
DA:9,1
DA:10,4
DA:11,4
DA:12,1
DA:13,1
DA:14,4
DA:15,1
DA:16,1
DA:17,4
DA:18,1
DA:19,1
DA:20,1
DA:21,1
DA:22,1
DA:23,1
DA:24,1
DA:25,1
DA:26,1
DA:27,1
DA:28,1
DA:29,1
DA:30,1
DA:31,1
DA:32,1
DA:33,1
DA:34,1
DA:35,1
DA:36,1
LF:36
LH:36
BRDA:9,0,0,4
BRDA:11,1,0,1
BRDA:14,2,0,3
BRDA:14,3,0,1
BRDA:17,4,0,2
BRDA:17,5,0,1
BRDA:5,6,0,1
BRF:7
BRH:7
end_of_record
TN:
SF:src\use-cases\submit-feedback-usecase.ts
FN:17,execute
FN:13,SubmitFeedback
FNF:2
FNH:2
FNDA:4,execute
FNDA:1,SubmitFeedback
DA:1,1
DA:2,1
DA:3,1
DA:4,1
DA:5,1
DA:6,1
DA:7,1
DA:8,1
DA:9,1
DA:10,1
DA:11,1
DA:12,1
DA:13,1
DA:14,1
DA:15,1
DA:16,1
DA:17,1
DA:18,4
DA:19,4
DA:20,4
DA:21,1
DA:22,1
DA:23,4
DA:24,1
DA:25,1
DA:26,4
DA:27,1
DA:28,1
DA:29,1
DA:30,1
DA:31,1
DA:32,1
DA:33,1
DA:34,1
DA:35,1
DA:36,1
DA:37,1
DA:38,1
DA:39,1
DA:40,1
DA:41,1
DA:42,1
DA:43,1
DA:44,1
DA:45,1
DA:46,1
LF:46
LH:46
BRDA:17,0,0,4
BRDA:20,1,0,1
BRDA:23,2,0,3
BRDA:23,3,0,1
BRDA:26,4,0,2
BRDA:26,5,0,1
BRDA:13,6,0,1
BRF:7
BRH:7
end_of_record
